<?xml version="1.0" encoding="UTF-8"?>
<testng-results skipped="0" failed="0" ignored="0" total="2" passed="2">
  <reporter-output>
  </reporter-output>
  <suite name="OpenCart Test Suite" duration-ms="169194" started-at="2022-01-26T17:42:52 CET" finished-at="2022-01-26T17:45:41 CET">
    <groups>
      <group name="regression">
        <method signature="TC_001_AccountRegistration.test_account_Registration()[pri:0, instance:testCases.TC_001_AccountRegistration@7ce6a65d]" name="test_account_Registration" class="testCases.TC_001_AccountRegistration"/>
      </group> <!-- regression -->
      <group name="sanity">
        <method signature="TC_002_Login.test_Login()[pri:0, instance:testCases.TC_002_Login@42d8062c]" name="test_Login" class="testCases.TC_002_Login"/>
      </group> <!-- sanity -->
      <group name="master">
        <method signature="TC_001_AccountRegistration.test_account_Registration()[pri:0, instance:testCases.TC_001_AccountRegistration@7ce6a65d]" name="test_account_Registration" class="testCases.TC_001_AccountRegistration"/>
        <method signature="TC_002_Login.test_Login()[pri:0, instance:testCases.TC_002_Login@42d8062c]" name="test_Login" class="testCases.TC_002_Login"/>
      </group> <!-- master -->
    </groups>
    <test name="OpenCart Tests" duration-ms="169194" started-at="2022-01-26T17:42:52 CET" finished-at="2022-01-26T17:45:41 CET">
      <class name="testCases.TC_002_Login">
        <test-method status="PASS" signature="setUp(java.lang.String)[pri:0, instance:testCases.TC_002_Login@42d8062c]" name="setUp" is-config="true" duration-ms="14405" started-at="2022-01-26T17:44:51 CET" finished-at="2022-01-26T17:45:05 CET">
          <params>
            <param index="0">
              <value>
                <![CDATA[chrome]]>
              </value>
            </param>
          </params>
          <reporter-output>
          </reporter-output>
        </test-method> <!-- setUp -->
        <test-method status="PASS" signature="test_Login()[pri:0, instance:testCases.TC_002_Login@42d8062c]" name="test_Login" duration-ms="35825" started-at="2022-01-26T17:45:05 CET" finished-at="2022-01-26T17:45:41 CET">
          <reporter-output>
          </reporter-output>
        </test-method> <!-- test_Login -->
        <test-method status="PASS" signature="tearDown()[pri:0, instance:testCases.TC_002_Login@42d8062c]" name="tearDown" is-config="true" duration-ms="349" started-at="2022-01-26T17:45:41 CET" finished-at="2022-01-26T17:45:41 CET">
          <reporter-output>
          </reporter-output>
        </test-method> <!-- tearDown -->
      </class> <!-- testCases.TC_002_Login -->
      <class name="testCases.TC_001_AccountRegistration">
        <test-method status="PASS" signature="setUp(java.lang.String)[pri:0, instance:testCases.TC_001_AccountRegistration@7ce6a65d]" name="setUp" is-config="true" duration-ms="53757" started-at="2022-01-26T17:42:53 CET" finished-at="2022-01-26T17:43:46 CET">
          <params>
            <param index="0">
              <value>
                <![CDATA[chrome]]>
              </value>
            </param>
          </params>
          <reporter-output>
          </reporter-output>
        </test-method> <!-- setUp -->
        <test-method status="PASS" signature="test_account_Registration()[pri:0, instance:testCases.TC_001_AccountRegistration@7ce6a65d]" name="test_account_Registration" duration-ms="63474" started-at="2022-01-26T17:43:46 CET" finished-at="2022-01-26T17:44:50 CET">
          <reporter-output>
          </reporter-output>
        </test-method> <!-- test_account_Registration -->
        <test-method status="PASS" signature="tearDown()[pri:0, instance:testCases.TC_001_AccountRegistration@7ce6a65d]" name="tearDown" is-config="true" duration-ms="944" started-at="2022-01-26T17:44:50 CET" finished-at="2022-01-26T17:44:51 CET">
          <reporter-output>
          </reporter-output>
        </test-method> <!-- tearDown -->
      </class> <!-- testCases.TC_001_AccountRegistration -->
    </test> <!-- OpenCart Tests -->
  </suite> <!-- OpenCart Test Suite -->
</testng-results>
